<?xml version="1.0" encoding="UTF-8"?>
<!-- Generated by org.testng.reporters.JUnitReportReporter -->
<testsuite hostname="DESKTOP-IDBSA40" failures="0" tests="1" name="testcases.verifyLoginTestcase" time="7.968" errors="0" timestamp="2022-09-07T18:35:47 IST" skipped="0">
  <testcase classname="testcases.verifyLoginTestcase" name="login" time="7.968"/>
  <system-out/>
</testsuite> <!-- testcases.verifyLoginTestcase -->
