<?xml version="1.0" encoding="UTF-8"?>
<!-- Generated by org.testng.reporters.JUnitReportReporter -->
<testsuite hostname="DESKTOP-IDBSA40" failures="0" tests="1" name="testcases.VerifySignupTestcases" time="32.097" errors="0" timestamp="2022-09-07T18:35:47 IST" skipped="0">
  <testcase classname="testcases.VerifySignupTestcases" name="signup" time="32.097"/>
  <system-out/>
</testsuite> <!-- testcases.VerifySignupTestcases -->
